<?xml version="1.0" encoding="utf-8"?><testsuites><testsuite errors="0" failures="0" hostname="IN5CG840558Z" name="pytest" skipped="0" tests="4" time="31.160" timestamp="2020-04-20T19:19:39.394614"><testcase classname="test_HomePage.TestHomePage" file="test_HomePage.py" line="14" name="test_formsubmission[getTestData0]" time="11.935"></testcase><testcase classname="test_HomePage.TestHomePage" file="test_HomePage.py" line="14" name="test_formsubmission[getTestData1]" time="1.143"></testcase><testcase classname="test_HomePage.TestHomePage" file="test_HomePage.py" line="14" name="test_formsubmission[getTestData2]" time="1.232"></testcase><testcase classname="test_end2end.TestProductCart" file="test_end2end.py" line="14" name="test_e2e" time="16.692"></testcase></testsuite></testsuites>